2023-07-01 03:33:38,870 [sncf housekeeper] WARN  com.zaxxer.hikari.pool.HikariPool - sncf - Thread starvation or clock leap detected (housekeeper delta=3h52m53s211ms895µs900ns).
2023-07-01 06:50:06,440 [sncf housekeeper] WARN  com.zaxxer.hikari.pool.HikariPool - sncf - Thread starvation or clock leap detected (housekeeper delta=2h56m27s133ms767µs400ns).
2023-07-01 21:24:01,828 [sncf housekeeper] WARN  com.zaxxer.hikari.pool.HikariPool - sncf - Thread starvation or clock leap detected (housekeeper delta=14h13m55s58ms258µs500ns).
2023-07-01 21:29:06,839 [SpringApplicationShutdownHook] INFO  o.s.o.j.LocalContainerEntityManagerFactoryBean - Closing JPA EntityManagerFactory for persistence unit 'default'
2023-07-01 21:29:07,120 [SpringApplicationShutdownHook] INFO  com.zaxxer.hikari.HikariDataSource - sncf - Shutdown initiated...
2023-07-01 21:29:09,364 [SpringApplicationShutdownHook] INFO  com.zaxxer.hikari.HikariDataSource - sncf - Shutdown completed.
2023-07-01 21:29:53,206 [background-preinit] INFO  o.h.validator.internal.util.Version - HV000001: Hibernate Validator 6.2.3.Final
2023-07-01 21:29:53,244 [restartedMain] INFO  org.example.Main - Starting Main using Java 17.0.6 on LAPTOP-J8JO732I with PID 16860 (C:\Users\ilham\Documents\sncfihm\back\target\classes started by ilham in C:\Users\ilham\Documents\sncfihm\back)
2023-07-01 21:29:53,248 [restartedMain] INFO  org.example.Main - No active profile set, falling back to 1 default profile: "default"
2023-07-01 21:29:53,415 [restartedMain] INFO  o.s.b.d.e.DevToolsPropertyDefaultsPostProcessor - Devtools property defaults active! Set 'spring.devtools.add-properties' to 'false' to disable
2023-07-01 21:29:53,416 [restartedMain] INFO  o.s.b.d.e.DevToolsPropertyDefaultsPostProcessor - For additional web related logging consider setting the 'logging.level.web' property to 'DEBUG'
2023-07-01 21:29:56,485 [restartedMain] INFO  o.s.d.r.c.RepositoryConfigurationDelegate - Bootstrapping Spring Data JPA repositories in DEFAULT mode.
2023-07-01 21:29:56,779 [restartedMain] INFO  o.s.d.r.c.RepositoryConfigurationDelegate - Finished Spring Data repository scanning in 253 ms. Found 6 JPA repository interfaces.
2023-07-01 21:29:59,782 [restartedMain] INFO  o.s.b.w.e.tomcat.TomcatWebServer - Tomcat initialized with port(s): 8080 (http)
2023-07-01 21:29:59,814 [restartedMain] INFO  o.a.coyote.http11.Http11NioProtocol - Initializing ProtocolHandler ["http-nio-8080"]
2023-07-01 21:29:59,816 [restartedMain] INFO  o.a.catalina.core.StandardService - Starting service [Tomcat]
2023-07-01 21:29:59,816 [restartedMain] INFO  o.a.catalina.core.StandardEngine - Starting Servlet engine: [Apache Tomcat/9.0.62]
2023-07-01 21:30:00,369 [restartedMain] INFO  o.a.c.c.C.[Tomcat].[localhost].[/] - Initializing Spring embedded WebApplicationContext
2023-07-01 21:30:00,370 [restartedMain] INFO  o.s.b.w.s.c.ServletWebServerApplicationContext - Root WebApplicationContext: initialization completed in 6952 ms
2023-07-01 21:30:00,500 [restartedMain] INFO  com.zaxxer.hikari.HikariDataSource - sncf - Starting...
2023-07-01 21:30:01,947 [restartedMain] INFO  com.zaxxer.hikari.HikariDataSource - sncf - Start completed.
2023-07-01 21:30:01,971 [restartedMain] INFO  o.s.b.a.h.H2ConsoleAutoConfiguration - H2 console available at '/h2-console'. Database available at 'jdbc:mysql://localhost:3306/sncf'
2023-07-01 21:30:02,452 [restartedMain] INFO  o.h.jpa.internal.util.LogHelper - HHH000204: Processing PersistenceUnitInfo [name: default]
2023-07-01 21:30:02,728 [restartedMain] INFO  org.hibernate.Version - HHH000412: Hibernate ORM core version 5.6.9.Final
2023-07-01 21:30:03,896 [restartedMain] INFO  o.h.annotations.common.Version - HCANN000001: Hibernate Commons Annotations {5.1.2.Final}
2023-07-01 21:30:04,476 [restartedMain] INFO  org.hibernate.dialect.Dialect - HHH000400: Using dialect: org.hibernate.dialect.MySQL5Dialect
2023-07-01 21:30:12,247 [restartedMain] INFO  o.h.e.t.j.p.i.JtaPlatformInitiator - HHH000490: Using JtaPlatform implementation: [org.hibernate.engine.transaction.jta.platform.internal.NoJtaPlatform]
2023-07-01 21:30:12,276 [restartedMain] INFO  o.s.o.j.LocalContainerEntityManagerFactoryBean - Initialized JPA EntityManagerFactory for persistence unit 'default'
2023-07-01 21:30:16,153 [restartedMain] WARN  o.s.b.a.o.j.JpaBaseConfiguration$JpaWebConfiguration - spring.jpa.open-in-view is enabled by default. Therefore, database queries may be performed during view rendering. Explicitly configure spring.jpa.open-in-view to disable this warning
2023-07-01 21:30:18,641 [restartedMain] INFO  o.s.b.d.a.OptionalLiveReloadServer - LiveReload server is running on port 35729
2023-07-01 21:30:18,698 [restartedMain] INFO  o.a.coyote.http11.Http11NioProtocol - Starting ProtocolHandler ["http-nio-8080"]
2023-07-01 21:30:18,803 [restartedMain] INFO  o.s.b.w.e.tomcat.TomcatWebServer - Tomcat started on port(s): 8080 (http) with context path ''
2023-07-01 21:30:18,840 [restartedMain] INFO  org.example.Main - Started Main in 26.845 seconds (JVM running for 29.414)
2023-07-01 21:30:18,873 [restartedMain] INFO  org.example.Main - Le programme a démarré.
2023-07-01 21:55:53,222 [SpringApplicationShutdownHook] INFO  o.s.o.j.LocalContainerEntityManagerFactoryBean - Closing JPA EntityManagerFactory for persistence unit 'default'
2023-07-01 21:55:53,288 [SpringApplicationShutdownHook] INFO  com.zaxxer.hikari.HikariDataSource - sncf - Shutdown initiated...
2023-07-01 21:55:53,363 [SpringApplicationShutdownHook] INFO  com.zaxxer.hikari.HikariDataSource - sncf - Shutdown completed.
2023-07-01 21:56:09,012 [background-preinit] INFO  o.h.validator.internal.util.Version - HV000001: Hibernate Validator 6.2.3.Final
2023-07-01 21:56:09,038 [restartedMain] INFO  org.example.Main - Starting Main using Java 17.0.6 on LAPTOP-J8JO732I with PID 15492 (C:\Users\ilham\Documents\sncfihm\back\target\classes started by ilham in C:\Users\ilham\Documents\sncfihm\back)
2023-07-01 21:56:09,041 [restartedMain] INFO  org.example.Main - No active profile set, falling back to 1 default profile: "default"
2023-07-01 21:56:09,216 [restartedMain] INFO  o.s.b.d.e.DevToolsPropertyDefaultsPostProcessor - Devtools property defaults active! Set 'spring.devtools.add-properties' to 'false' to disable
2023-07-01 21:56:09,217 [restartedMain] INFO  o.s.b.d.e.DevToolsPropertyDefaultsPostProcessor - For additional web related logging consider setting the 'logging.level.web' property to 'DEBUG'
2023-07-01 21:56:11,924 [restartedMain] INFO  o.s.d.r.c.RepositoryConfigurationDelegate - Bootstrapping Spring Data JPA repositories in DEFAULT mode.
2023-07-01 21:56:12,214 [restartedMain] INFO  o.s.d.r.c.RepositoryConfigurationDelegate - Finished Spring Data repository scanning in 246 ms. Found 6 JPA repository interfaces.
2023-07-01 21:56:14,724 [restartedMain] INFO  o.s.b.w.e.tomcat.TomcatWebServer - Tomcat initialized with port(s): 8080 (http)
2023-07-01 21:56:14,746 [restartedMain] INFO  o.a.coyote.http11.Http11NioProtocol - Initializing ProtocolHandler ["http-nio-8080"]
2023-07-01 21:56:14,747 [restartedMain] INFO  o.a.catalina.core.StandardService - Starting service [Tomcat]
2023-07-01 21:56:14,748 [restartedMain] INFO  o.a.catalina.core.StandardEngine - Starting Servlet engine: [Apache Tomcat/9.0.62]
2023-07-01 21:56:15,022 [restartedMain] INFO  o.a.c.c.C.[Tomcat].[localhost].[/] - Initializing Spring embedded WebApplicationContext
2023-07-01 21:56:15,022 [restartedMain] INFO  o.s.b.w.s.c.ServletWebServerApplicationContext - Root WebApplicationContext: initialization completed in 5803 ms
2023-07-01 21:56:15,118 [restartedMain] INFO  com.zaxxer.hikari.HikariDataSource - sncf - Starting...
2023-07-01 21:56:16,267 [restartedMain] INFO  com.zaxxer.hikari.HikariDataSource - sncf - Start completed.
2023-07-01 21:56:16,291 [restartedMain] INFO  o.s.b.a.h.H2ConsoleAutoConfiguration - H2 console available at '/h2-console'. Database available at 'jdbc:mysql://localhost:3306/sncf'
2023-07-01 21:56:16,711 [restartedMain] INFO  o.h.jpa.internal.util.LogHelper - HHH000204: Processing PersistenceUnitInfo [name: default]
2023-07-01 21:56:16,909 [restartedMain] INFO  org.hibernate.Version - HHH000412: Hibernate ORM core version 5.6.9.Final
2023-07-01 21:56:17,587 [restartedMain] INFO  o.h.annotations.common.Version - HCANN000001: Hibernate Commons Annotations {5.1.2.Final}
2023-07-01 21:56:18,010 [restartedMain] INFO  org.hibernate.dialect.Dialect - HHH000400: Using dialect: org.hibernate.dialect.MySQL5Dialect
2023-07-01 21:56:22,092 [restartedMain] INFO  o.h.e.t.j.p.i.JtaPlatformInitiator - HHH000490: Using JtaPlatform implementation: [org.hibernate.engine.transaction.jta.platform.internal.NoJtaPlatform]
2023-07-01 21:56:22,105 [restartedMain] INFO  o.s.o.j.LocalContainerEntityManagerFactoryBean - Initialized JPA EntityManagerFactory for persistence unit 'default'
2023-07-01 21:56:23,374 [restartedMain] WARN  o.s.b.a.o.j.JpaBaseConfiguration$JpaWebConfiguration - spring.jpa.open-in-view is enabled by default. Therefore, database queries may be performed during view rendering. Explicitly configure spring.jpa.open-in-view to disable this warning
2023-07-01 21:56:24,434 [restartedMain] INFO  o.s.b.d.a.OptionalLiveReloadServer - LiveReload server is running on port 35729
2023-07-01 21:56:24,469 [restartedMain] INFO  o.a.coyote.http11.Http11NioProtocol - Starting ProtocolHandler ["http-nio-8080"]
2023-07-01 21:56:24,528 [restartedMain] INFO  o.s.b.w.e.tomcat.TomcatWebServer - Tomcat started on port(s): 8080 (http) with context path ''
2023-07-01 21:56:24,548 [restartedMain] INFO  org.example.Main - Started Main in 16.388 seconds (JVM running for 18.605)
2023-07-01 21:56:24,569 [restartedMain] INFO  org.example.Main - Le programme a démarré.
2023-07-01 22:02:26,064 [SpringApplicationShutdownHook] INFO  o.s.o.j.LocalContainerEntityManagerFactoryBean - Closing JPA EntityManagerFactory for persistence unit 'default'
2023-07-01 22:02:26,071 [SpringApplicationShutdownHook] INFO  com.zaxxer.hikari.HikariDataSource - sncf - Shutdown initiated...
2023-07-01 22:02:26,106 [SpringApplicationShutdownHook] INFO  com.zaxxer.hikari.HikariDataSource - sncf - Shutdown completed.
2023-07-01 22:02:40,975 [restartedMain] INFO  org.example.Main - Starting Main using Java 17.0.6 on LAPTOP-J8JO732I with PID 36656 (C:\Users\ilham\Documents\sncfihm\back\target\classes started by ilham in C:\Users\ilham\Documents\sncfihm\back)
2023-07-01 22:02:40,979 [background-preinit] INFO  o.h.validator.internal.util.Version - HV000001: Hibernate Validator 6.2.3.Final
2023-07-01 22:02:40,984 [restartedMain] INFO  org.example.Main - No active profile set, falling back to 1 default profile: "default"
2023-07-01 22:02:41,127 [restartedMain] INFO  o.s.b.d.e.DevToolsPropertyDefaultsPostProcessor - Devtools property defaults active! Set 'spring.devtools.add-properties' to 'false' to disable
2023-07-01 22:02:41,127 [restartedMain] INFO  o.s.b.d.e.DevToolsPropertyDefaultsPostProcessor - For additional web related logging consider setting the 'logging.level.web' property to 'DEBUG'
2023-07-01 22:02:42,551 [restartedMain] INFO  o.s.d.r.c.RepositoryConfigurationDelegate - Bootstrapping Spring Data JPA repositories in DEFAULT mode.
2023-07-01 22:02:42,686 [restartedMain] INFO  o.s.d.r.c.RepositoryConfigurationDelegate - Finished Spring Data repository scanning in 114 ms. Found 6 JPA repository interfaces.
2023-07-01 22:02:44,791 [restartedMain] INFO  o.s.b.w.e.tomcat.TomcatWebServer - Tomcat initialized with port(s): 8080 (http)
2023-07-01 22:02:44,816 [restartedMain] INFO  o.a.coyote.http11.Http11NioProtocol - Initializing ProtocolHandler ["http-nio-8080"]
2023-07-01 22:02:44,817 [restartedMain] INFO  o.a.catalina.core.StandardService - Starting service [Tomcat]
2023-07-01 22:02:44,818 [restartedMain] INFO  o.a.catalina.core.StandardEngine - Starting Servlet engine: [Apache Tomcat/9.0.62]
2023-07-01 22:02:45,143 [restartedMain] INFO  o.a.c.c.C.[Tomcat].[localhost].[/] - Initializing Spring embedded WebApplicationContext
2023-07-01 22:02:45,143 [restartedMain] INFO  o.s.b.w.s.c.ServletWebServerApplicationContext - Root WebApplicationContext: initialization completed in 4015 ms
2023-07-01 22:02:45,221 [restartedMain] INFO  com.zaxxer.hikari.HikariDataSource - sncf - Starting...
2023-07-01 22:02:45,887 [restartedMain] INFO  com.zaxxer.hikari.HikariDataSource - sncf - Start completed.
2023-07-01 22:02:45,913 [restartedMain] INFO  o.s.b.a.h.H2ConsoleAutoConfiguration - H2 console available at '/h2-console'. Database available at 'jdbc:mysql://localhost:3306/sncf'
2023-07-01 22:02:46,547 [restartedMain] INFO  o.h.jpa.internal.util.LogHelper - HHH000204: Processing PersistenceUnitInfo [name: default]
2023-07-01 22:02:46,857 [restartedMain] INFO  org.hibernate.Version - HHH000412: Hibernate ORM core version 5.6.9.Final
2023-07-01 22:02:47,506 [restartedMain] INFO  o.h.annotations.common.Version - HCANN000001: Hibernate Commons Annotations {5.1.2.Final}
2023-07-01 22:02:47,789 [restartedMain] INFO  org.hibernate.dialect.Dialect - HHH000400: Using dialect: org.hibernate.dialect.MySQL5Dialect
2023-07-01 22:02:51,772 [restartedMain] INFO  o.h.e.t.j.p.i.JtaPlatformInitiator - HHH000490: Using JtaPlatform implementation: [org.hibernate.engine.transaction.jta.platform.internal.NoJtaPlatform]
2023-07-01 22:02:51,782 [restartedMain] INFO  o.s.o.j.LocalContainerEntityManagerFactoryBean - Initialized JPA EntityManagerFactory for persistence unit 'default'
2023-07-01 22:02:53,467 [restartedMain] WARN  o.s.b.a.o.j.JpaBaseConfiguration$JpaWebConfiguration - spring.jpa.open-in-view is enabled by default. Therefore, database queries may be performed during view rendering. Explicitly configure spring.jpa.open-in-view to disable this warning
2023-07-01 22:02:54,465 [restartedMain] INFO  o.s.b.d.a.OptionalLiveReloadServer - LiveReload server is running on port 35729
2023-07-01 22:02:54,493 [restartedMain] INFO  o.a.coyote.http11.Http11NioProtocol - Starting ProtocolHandler ["http-nio-8080"]
2023-07-01 22:02:54,537 [restartedMain] INFO  o.s.b.w.e.tomcat.TomcatWebServer - Tomcat started on port(s): 8080 (http) with context path ''
2023-07-01 22:02:54,559 [restartedMain] INFO  org.example.Main - Started Main in 14.615 seconds (JVM running for 16.297)
2023-07-01 22:02:54,580 [restartedMain] INFO  org.example.Main - Le programme a démarré.
2023-07-01 22:04:09,322 [SpringApplicationShutdownHook] INFO  o.s.o.j.LocalContainerEntityManagerFactoryBean - Closing JPA EntityManagerFactory for persistence unit 'default'
2023-07-01 22:04:09,330 [SpringApplicationShutdownHook] INFO  com.zaxxer.hikari.HikariDataSource - sncf - Shutdown initiated...
2023-07-01 22:04:09,354 [SpringApplicationShutdownHook] INFO  com.zaxxer.hikari.HikariDataSource - sncf - Shutdown completed.
2023-07-01 22:04:16,180 [background-preinit] INFO  o.h.validator.internal.util.Version - HV000001: Hibernate Validator 6.2.3.Final
2023-07-01 22:04:16,199 [restartedMain] INFO  org.example.Main - Starting Main using Java 17.0.6 on LAPTOP-J8JO732I with PID 29460 (C:\Users\ilham\Documents\sncfihm\back\target\classes started by ilham in C:\Users\ilham\Documents\sncfihm\back)
2023-07-01 22:04:16,202 [restartedMain] INFO  org.example.Main - No active profile set, falling back to 1 default profile: "default"
2023-07-01 22:04:16,347 [restartedMain] INFO  o.s.b.d.e.DevToolsPropertyDefaultsPostProcessor - Devtools property defaults active! Set 'spring.devtools.add-properties' to 'false' to disable
2023-07-01 22:04:16,347 [restartedMain] INFO  o.s.b.d.e.DevToolsPropertyDefaultsPostProcessor - For additional web related logging consider setting the 'logging.level.web' property to 'DEBUG'
2023-07-01 22:04:18,417 [restartedMain] INFO  o.s.d.r.c.RepositoryConfigurationDelegate - Bootstrapping Spring Data JPA repositories in DEFAULT mode.
2023-07-01 22:04:18,564 [restartedMain] INFO  o.s.d.r.c.RepositoryConfigurationDelegate - Finished Spring Data repository scanning in 127 ms. Found 6 JPA repository interfaces.
2023-07-01 22:04:20,924 [restartedMain] INFO  o.s.b.w.e.tomcat.TomcatWebServer - Tomcat initialized with port(s): 8080 (http)
2023-07-01 22:04:20,966 [restartedMain] INFO  o.a.coyote.http11.Http11NioProtocol - Initializing ProtocolHandler ["http-nio-8080"]
2023-07-01 22:04:20,969 [restartedMain] INFO  o.a.catalina.core.StandardService - Starting service [Tomcat]
2023-07-01 22:04:20,970 [restartedMain] INFO  o.a.catalina.core.StandardEngine - Starting Servlet engine: [Apache Tomcat/9.0.62]
2023-07-01 22:04:21,512 [restartedMain] INFO  o.a.c.c.C.[Tomcat].[localhost].[/] - Initializing Spring embedded WebApplicationContext
2023-07-01 22:04:21,512 [restartedMain] INFO  o.s.b.w.s.c.ServletWebServerApplicationContext - Root WebApplicationContext: initialization completed in 5163 ms
2023-07-01 22:04:21,962 [restartedMain] INFO  com.zaxxer.hikari.HikariDataSource - sncf - Starting...
2023-07-01 22:04:22,951 [restartedMain] INFO  com.zaxxer.hikari.HikariDataSource - sncf - Start completed.
2023-07-01 22:04:22,977 [restartedMain] INFO  o.s.b.a.h.H2ConsoleAutoConfiguration - H2 console available at '/h2-console'. Database available at 'jdbc:mysql://localhost:3306/sncf'
2023-07-01 22:04:23,968 [restartedMain] INFO  o.h.jpa.internal.util.LogHelper - HHH000204: Processing PersistenceUnitInfo [name: default]
2023-07-01 22:04:24,223 [restartedMain] INFO  org.hibernate.Version - HHH000412: Hibernate ORM core version 5.6.9.Final
2023-07-01 22:04:24,770 [restartedMain] INFO  o.h.annotations.common.Version - HCANN000001: Hibernate Commons Annotations {5.1.2.Final}
2023-07-01 22:04:25,037 [restartedMain] INFO  org.hibernate.dialect.Dialect - HHH000400: Using dialect: org.hibernate.dialect.MySQL5Dialect
2023-07-01 22:04:28,221 [restartedMain] INFO  o.h.e.t.j.p.i.JtaPlatformInitiator - HHH000490: Using JtaPlatform implementation: [org.hibernate.engine.transaction.jta.platform.internal.NoJtaPlatform]
2023-07-01 22:04:28,237 [restartedMain] INFO  o.s.o.j.LocalContainerEntityManagerFactoryBean - Initialized JPA EntityManagerFactory for persistence unit 'default'
2023-07-01 22:04:31,063 [restartedMain] WARN  o.s.b.a.o.j.JpaBaseConfiguration$JpaWebConfiguration - spring.jpa.open-in-view is enabled by default. Therefore, database queries may be performed during view rendering. Explicitly configure spring.jpa.open-in-view to disable this warning
2023-07-01 22:04:33,705 [restartedMain] INFO  o.s.b.d.a.OptionalLiveReloadServer - LiveReload server is running on port 35729
2023-07-01 22:04:33,732 [restartedMain] INFO  o.a.coyote.http11.Http11NioProtocol - Starting ProtocolHandler ["http-nio-8080"]
2023-07-01 22:04:33,798 [restartedMain] INFO  o.s.b.w.e.tomcat.TomcatWebServer - Tomcat started on port(s): 8080 (http) with context path ''
2023-07-01 22:04:33,856 [restartedMain] INFO  org.example.Main - Started Main in 18.592 seconds (JVM running for 20.552)
2023-07-01 22:04:34,473 [restartedMain] INFO  org.example.Main - Le programme a démarré.
2023-07-01 22:10:50,226 [SpringApplicationShutdownHook] INFO  o.s.o.j.LocalContainerEntityManagerFactoryBean - Closing JPA EntityManagerFactory for persistence unit 'default'
2023-07-01 22:10:50,233 [SpringApplicationShutdownHook] INFO  com.zaxxer.hikari.HikariDataSource - sncf - Shutdown initiated...
2023-07-01 22:10:50,262 [SpringApplicationShutdownHook] INFO  com.zaxxer.hikari.HikariDataSource - sncf - Shutdown completed.
2023-07-01 22:11:04,292 [background-preinit] INFO  o.h.validator.internal.util.Version - HV000001: Hibernate Validator 6.2.3.Final
2023-07-01 22:11:04,364 [restartedMain] INFO  org.example.Main - Starting Main using Java 17.0.6 on LAPTOP-J8JO732I with PID 25952 (C:\Users\ilham\Documents\sncfihm\back\target\classes started by ilham in C:\Users\ilham\Documents\sncfihm\back)
2023-07-01 22:11:04,366 [restartedMain] INFO  org.example.Main - No active profile set, falling back to 1 default profile: "default"
2023-07-01 22:11:04,525 [restartedMain] INFO  o.s.b.d.e.DevToolsPropertyDefaultsPostProcessor - Devtools property defaults active! Set 'spring.devtools.add-properties' to 'false' to disable
2023-07-01 22:11:04,526 [restartedMain] INFO  o.s.b.d.e.DevToolsPropertyDefaultsPostProcessor - For additional web related logging consider setting the 'logging.level.web' property to 'DEBUG'
2023-07-01 22:11:06,001 [restartedMain] INFO  o.s.d.r.c.RepositoryConfigurationDelegate - Bootstrapping Spring Data JPA repositories in DEFAULT mode.
2023-07-01 22:11:06,136 [restartedMain] INFO  o.s.d.r.c.RepositoryConfigurationDelegate - Finished Spring Data repository scanning in 117 ms. Found 6 JPA repository interfaces.
2023-07-01 22:11:07,799 [restartedMain] INFO  o.s.b.w.e.tomcat.TomcatWebServer - Tomcat initialized with port(s): 8080 (http)
2023-07-01 22:11:07,824 [restartedMain] INFO  o.a.coyote.http11.Http11NioProtocol - Initializing ProtocolHandler ["http-nio-8080"]
2023-07-01 22:11:07,825 [restartedMain] INFO  o.a.catalina.core.StandardService - Starting service [Tomcat]
2023-07-01 22:11:07,825 [restartedMain] INFO  o.a.catalina.core.StandardEngine - Starting Servlet engine: [Apache Tomcat/9.0.62]
2023-07-01 22:11:08,086 [restartedMain] INFO  o.a.c.c.C.[Tomcat].[localhost].[/] - Initializing Spring embedded WebApplicationContext
2023-07-01 22:11:08,087 [restartedMain] INFO  o.s.b.w.s.c.ServletWebServerApplicationContext - Root WebApplicationContext: initialization completed in 3560 ms
2023-07-01 22:11:08,176 [restartedMain] INFO  com.zaxxer.hikari.HikariDataSource - sncf - Starting...
2023-07-01 22:11:08,817 [restartedMain] INFO  com.zaxxer.hikari.HikariDataSource - sncf - Start completed.
2023-07-01 22:11:08,830 [restartedMain] INFO  o.s.b.a.h.H2ConsoleAutoConfiguration - H2 console available at '/h2-console'. Database available at 'jdbc:mysql://localhost:3306/sncf'
2023-07-01 22:11:09,302 [restartedMain] INFO  o.h.jpa.internal.util.LogHelper - HHH000204: Processing PersistenceUnitInfo [name: default]
2023-07-01 22:11:09,439 [restartedMain] INFO  org.hibernate.Version - HHH000412: Hibernate ORM core version 5.6.9.Final
2023-07-01 22:11:09,789 [restartedMain] INFO  o.h.annotations.common.Version - HCANN000001: Hibernate Commons Annotations {5.1.2.Final}
2023-07-01 22:11:10,029 [restartedMain] INFO  org.hibernate.dialect.Dialect - HHH000400: Using dialect: org.hibernate.dialect.MySQL5Dialect
2023-07-01 22:11:12,873 [restartedMain] INFO  o.h.e.t.j.p.i.JtaPlatformInitiator - HHH000490: Using JtaPlatform implementation: [org.hibernate.engine.transaction.jta.platform.internal.NoJtaPlatform]
2023-07-01 22:11:12,881 [restartedMain] INFO  o.s.o.j.LocalContainerEntityManagerFactoryBean - Initialized JPA EntityManagerFactory for persistence unit 'default'
2023-07-01 22:11:13,970 [restartedMain] WARN  o.s.b.a.o.j.JpaBaseConfiguration$JpaWebConfiguration - spring.jpa.open-in-view is enabled by default. Therefore, database queries may be performed during view rendering. Explicitly configure spring.jpa.open-in-view to disable this warning
2023-07-01 22:11:14,843 [restartedMain] INFO  o.s.b.d.a.OptionalLiveReloadServer - LiveReload server is running on port 35729
2023-07-01 22:11:14,863 [restartedMain] INFO  o.a.coyote.http11.Http11NioProtocol - Starting ProtocolHandler ["http-nio-8080"]
2023-07-01 22:11:14,905 [restartedMain] INFO  o.s.b.w.e.tomcat.TomcatWebServer - Tomcat started on port(s): 8080 (http) with context path ''
2023-07-01 22:11:14,922 [restartedMain] INFO  org.example.Main - Started Main in 11.677 seconds (JVM running for 13.278)
2023-07-01 22:11:14,934 [restartedMain] INFO  org.example.Main - Le programme a démarré.
2023-07-01 22:12:40,862 [SpringApplicationShutdownHook] INFO  o.s.o.j.LocalContainerEntityManagerFactoryBean - Closing JPA EntityManagerFactory for persistence unit 'default'
2023-07-01 22:12:40,877 [SpringApplicationShutdownHook] INFO  com.zaxxer.hikari.HikariDataSource - sncf - Shutdown initiated...
2023-07-01 22:12:40,929 [SpringApplicationShutdownHook] INFO  com.zaxxer.hikari.HikariDataSource - sncf - Shutdown completed.
2023-07-01 22:12:54,016 [background-preinit] INFO  o.h.validator.internal.util.Version - HV000001: Hibernate Validator 6.2.3.Final
2023-07-01 22:12:54,033 [restartedMain] INFO  org.example.Main - Starting Main using Java 17.0.6 on LAPTOP-J8JO732I with PID 43664 (C:\Users\ilham\Documents\sncfihm\back\target\classes started by ilham in C:\Users\ilham\Documents\sncfihm\back)
2023-07-01 22:12:54,035 [restartedMain] INFO  org.example.Main - No active profile set, falling back to 1 default profile: "default"
2023-07-01 22:12:54,185 [restartedMain] INFO  o.s.b.d.e.DevToolsPropertyDefaultsPostProcessor - Devtools property defaults active! Set 'spring.devtools.add-properties' to 'false' to disable
2023-07-01 22:12:54,186 [restartedMain] INFO  o.s.b.d.e.DevToolsPropertyDefaultsPostProcessor - For additional web related logging consider setting the 'logging.level.web' property to 'DEBUG'
2023-07-01 22:12:56,685 [restartedMain] INFO  o.s.d.r.c.RepositoryConfigurationDelegate - Bootstrapping Spring Data JPA repositories in DEFAULT mode.
2023-07-01 22:12:56,878 [restartedMain] INFO  o.s.d.r.c.RepositoryConfigurationDelegate - Finished Spring Data repository scanning in 170 ms. Found 6 JPA repository interfaces.
2023-07-01 22:12:58,941 [restartedMain] INFO  o.s.b.w.e.tomcat.TomcatWebServer - Tomcat initialized with port(s): 8080 (http)
2023-07-01 22:12:58,972 [restartedMain] INFO  o.a.coyote.http11.Http11NioProtocol - Initializing ProtocolHandler ["http-nio-8080"]
2023-07-01 22:12:58,974 [restartedMain] INFO  o.a.catalina.core.StandardService - Starting service [Tomcat]
2023-07-01 22:12:58,974 [restartedMain] INFO  o.a.catalina.core.StandardEngine - Starting Servlet engine: [Apache Tomcat/9.0.62]
2023-07-01 22:12:59,215 [restartedMain] INFO  o.a.c.c.C.[Tomcat].[localhost].[/] - Initializing Spring embedded WebApplicationContext
2023-07-01 22:12:59,215 [restartedMain] INFO  o.s.b.w.s.c.ServletWebServerApplicationContext - Root WebApplicationContext: initialization completed in 5026 ms
2023-07-01 22:12:59,321 [restartedMain] INFO  com.zaxxer.hikari.HikariDataSource - sncf - Starting...
2023-07-01 22:12:59,907 [restartedMain] INFO  com.zaxxer.hikari.HikariDataSource - sncf - Start completed.
2023-07-01 22:12:59,926 [restartedMain] INFO  o.s.b.a.h.H2ConsoleAutoConfiguration - H2 console available at '/h2-console'. Database available at 'jdbc:mysql://localhost:3306/sncf'
2023-07-01 22:13:00,333 [restartedMain] INFO  o.h.jpa.internal.util.LogHelper - HHH000204: Processing PersistenceUnitInfo [name: default]
2023-07-01 22:13:00,506 [restartedMain] INFO  org.hibernate.Version - HHH000412: Hibernate ORM core version 5.6.9.Final
2023-07-01 22:13:00,970 [restartedMain] INFO  o.h.annotations.common.Version - HCANN000001: Hibernate Commons Annotations {5.1.2.Final}
2023-07-01 22:13:01,691 [restartedMain] INFO  org.hibernate.dialect.Dialect - HHH000400: Using dialect: org.hibernate.dialect.MySQL5Dialect
2023-07-01 22:13:04,958 [restartedMain] INFO  o.h.e.t.j.p.i.JtaPlatformInitiator - HHH000490: Using JtaPlatform implementation: [org.hibernate.engine.transaction.jta.platform.internal.NoJtaPlatform]
2023-07-01 22:13:04,966 [restartedMain] INFO  o.s.o.j.LocalContainerEntityManagerFactoryBean - Initialized JPA EntityManagerFactory for persistence unit 'default'
2023-07-01 22:13:06,225 [restartedMain] WARN  o.s.b.a.o.j.JpaBaseConfiguration$JpaWebConfiguration - spring.jpa.open-in-view is enabled by default. Therefore, database queries may be performed during view rendering. Explicitly configure spring.jpa.open-in-view to disable this warning
2023-07-01 22:13:07,371 [restartedMain] INFO  o.s.b.d.a.OptionalLiveReloadServer - LiveReload server is running on port 35729
2023-07-01 22:13:07,394 [restartedMain] INFO  o.a.coyote.http11.Http11NioProtocol - Starting ProtocolHandler ["http-nio-8080"]
2023-07-01 22:13:07,439 [restartedMain] INFO  o.s.b.w.e.tomcat.TomcatWebServer - Tomcat started on port(s): 8080 (http) with context path ''
2023-07-01 22:13:07,466 [restartedMain] INFO  org.example.Main - Started Main in 14.342 seconds (JVM running for 16.211)
2023-07-01 22:13:07,484 [restartedMain] INFO  org.example.Main - Le programme a démarré.
2023-07-01 22:16:23,598 [SpringApplicationShutdownHook] INFO  o.s.o.j.LocalContainerEntityManagerFactoryBean - Closing JPA EntityManagerFactory for persistence unit 'default'
2023-07-01 22:16:23,607 [SpringApplicationShutdownHook] INFO  com.zaxxer.hikari.HikariDataSource - sncf - Shutdown initiated...
2023-07-01 22:16:23,636 [SpringApplicationShutdownHook] INFO  com.zaxxer.hikari.HikariDataSource - sncf - Shutdown completed.
2023-07-01 22:16:38,600 [background-preinit] INFO  o.h.validator.internal.util.Version - HV000001: Hibernate Validator 6.2.3.Final
2023-07-01 22:16:38,621 [restartedMain] INFO  org.example.Main - Starting Main using Java 17.0.6 on LAPTOP-J8JO732I with PID 30992 (C:\Users\ilham\Documents\sncfihm\back\target\classes started by ilham in C:\Users\ilham\Documents\sncfihm\back)
2023-07-01 22:16:38,623 [restartedMain] INFO  org.example.Main - No active profile set, falling back to 1 default profile: "default"
2023-07-01 22:16:38,818 [restartedMain] INFO  o.s.b.d.e.DevToolsPropertyDefaultsPostProcessor - Devtools property defaults active! Set 'spring.devtools.add-properties' to 'false' to disable
2023-07-01 22:16:38,819 [restartedMain] INFO  o.s.b.d.e.DevToolsPropertyDefaultsPostProcessor - For additional web related logging consider setting the 'logging.level.web' property to 'DEBUG'
2023-07-01 22:16:41,023 [restartedMain] INFO  o.s.d.r.c.RepositoryConfigurationDelegate - Bootstrapping Spring Data JPA repositories in DEFAULT mode.
2023-07-01 22:16:41,235 [restartedMain] INFO  o.s.d.r.c.RepositoryConfigurationDelegate - Finished Spring Data repository scanning in 190 ms. Found 6 JPA repository interfaces.
2023-07-01 22:16:43,623 [restartedMain] INFO  o.s.b.w.e.tomcat.TomcatWebServer - Tomcat initialized with port(s): 8080 (http)
2023-07-01 22:16:43,651 [restartedMain] INFO  o.a.coyote.http11.Http11NioProtocol - Initializing ProtocolHandler ["http-nio-8080"]
2023-07-01 22:16:43,652 [restartedMain] INFO  o.a.catalina.core.StandardService - Starting service [Tomcat]
2023-07-01 22:16:43,653 [restartedMain] INFO  o.a.catalina.core.StandardEngine - Starting Servlet engine: [Apache Tomcat/9.0.62]
2023-07-01 22:16:43,980 [restartedMain] INFO  o.a.c.c.C.[Tomcat].[localhost].[/] - Initializing Spring embedded WebApplicationContext
2023-07-01 22:16:43,980 [restartedMain] INFO  o.s.b.w.s.c.ServletWebServerApplicationContext - Root WebApplicationContext: initialization completed in 5159 ms
2023-07-01 22:16:44,109 [restartedMain] INFO  com.zaxxer.hikari.HikariDataSource - sncf - Starting...
2023-07-01 22:16:44,973 [restartedMain] INFO  com.zaxxer.hikari.HikariDataSource - sncf - Start completed.
2023-07-01 22:16:44,996 [restartedMain] INFO  o.s.b.a.h.H2ConsoleAutoConfiguration - H2 console available at '/h2-console'. Database available at 'jdbc:mysql://localhost:3306/sncf'
2023-07-01 22:16:45,754 [restartedMain] INFO  o.h.jpa.internal.util.LogHelper - HHH000204: Processing PersistenceUnitInfo [name: default]
2023-07-01 22:16:45,917 [restartedMain] INFO  org.hibernate.Version - HHH000412: Hibernate ORM core version 5.6.9.Final
2023-07-01 22:16:46,480 [restartedMain] INFO  o.h.annotations.common.Version - HCANN000001: Hibernate Commons Annotations {5.1.2.Final}
2023-07-01 22:16:46,916 [restartedMain] INFO  org.hibernate.dialect.Dialect - HHH000400: Using dialect: org.hibernate.dialect.MySQL5Dialect
2023-07-01 22:16:50,638 [restartedMain] INFO  o.h.e.t.j.p.i.JtaPlatformInitiator - HHH000490: Using JtaPlatform implementation: [org.hibernate.engine.transaction.jta.platform.internal.NoJtaPlatform]
2023-07-01 22:16:50,650 [restartedMain] INFO  o.s.o.j.LocalContainerEntityManagerFactoryBean - Initialized JPA EntityManagerFactory for persistence unit 'default'
2023-07-01 22:16:52,409 [restartedMain] WARN  o.s.b.a.o.j.JpaBaseConfiguration$JpaWebConfiguration - spring.jpa.open-in-view is enabled by default. Therefore, database queries may be performed during view rendering. Explicitly configure spring.jpa.open-in-view to disable this warning
2023-07-01 22:16:53,543 [restartedMain] INFO  o.s.b.d.a.OptionalLiveReloadServer - LiveReload server is running on port 35729
2023-07-01 22:16:53,578 [restartedMain] INFO  o.a.coyote.http11.Http11NioProtocol - Starting ProtocolHandler ["http-nio-8080"]
2023-07-01 22:16:53,646 [restartedMain] INFO  o.s.b.w.e.tomcat.TomcatWebServer - Tomcat started on port(s): 8080 (http) with context path ''
2023-07-01 22:16:53,675 [restartedMain] INFO  org.example.Main - Started Main in 16.15 seconds (JVM running for 19.267)
2023-07-01 22:16:53,696 [restartedMain] INFO  org.example.Main - Le programme a démarré.
2023-07-01 22:35:44,501 [SpringApplicationShutdownHook] INFO  o.s.o.j.LocalContainerEntityManagerFactoryBean - Closing JPA EntityManagerFactory for persistence unit 'default'
2023-07-01 22:35:44,538 [SpringApplicationShutdownHook] INFO  com.zaxxer.hikari.HikariDataSource - sncf - Shutdown initiated...
2023-07-01 22:35:44,580 [SpringApplicationShutdownHook] INFO  com.zaxxer.hikari.HikariDataSource - sncf - Shutdown completed.
2023-07-01 22:36:14,491 [background-preinit] INFO  o.h.validator.internal.util.Version - HV000001: Hibernate Validator 6.2.3.Final
2023-07-01 22:36:14,561 [restartedMain] INFO  org.example.Main - Starting Main using Java 17.0.6 on LAPTOP-J8JO732I with PID 26232 (C:\Users\ilham\Documents\sncfihm\back\target\classes started by ilham in C:\Users\ilham\Documents\sncfihm\back)
2023-07-01 22:36:14,563 [restartedMain] INFO  org.example.Main - No active profile set, falling back to 1 default profile: "default"
2023-07-01 22:36:14,707 [restartedMain] INFO  o.s.b.d.e.DevToolsPropertyDefaultsPostProcessor - Devtools property defaults active! Set 'spring.devtools.add-properties' to 'false' to disable
2023-07-01 22:36:14,708 [restartedMain] INFO  o.s.b.d.e.DevToolsPropertyDefaultsPostProcessor - For additional web related logging consider setting the 'logging.level.web' property to 'DEBUG'
2023-07-01 22:36:17,167 [restartedMain] INFO  o.s.d.r.c.RepositoryConfigurationDelegate - Bootstrapping Spring Data JPA repositories in DEFAULT mode.
2023-07-01 22:36:17,404 [restartedMain] INFO  o.s.d.r.c.RepositoryConfigurationDelegate - Finished Spring Data repository scanning in 205 ms. Found 6 JPA repository interfaces.
2023-07-01 22:36:19,761 [restartedMain] INFO  o.s.b.w.e.tomcat.TomcatWebServer - Tomcat initialized with port(s): 8080 (http)
2023-07-01 22:36:19,794 [restartedMain] INFO  o.a.coyote.http11.Http11NioProtocol - Initializing ProtocolHandler ["http-nio-8080"]
2023-07-01 22:36:19,795 [restartedMain] INFO  o.a.catalina.core.StandardService - Starting service [Tomcat]
2023-07-01 22:36:19,795 [restartedMain] INFO  o.a.catalina.core.StandardEngine - Starting Servlet engine: [Apache Tomcat/9.0.62]
2023-07-01 22:36:20,060 [restartedMain] INFO  o.a.c.c.C.[Tomcat].[localhost].[/] - Initializing Spring embedded WebApplicationContext
2023-07-01 22:36:20,060 [restartedMain] INFO  o.s.b.w.s.c.ServletWebServerApplicationContext - Root WebApplicationContext: initialization completed in 5344 ms
2023-07-01 22:36:20,133 [restartedMain] INFO  com.zaxxer.hikari.HikariDataSource - sncf - Starting...
2023-07-01 22:36:20,798 [restartedMain] INFO  com.zaxxer.hikari.HikariDataSource - sncf - Start completed.
2023-07-01 22:36:20,821 [restartedMain] INFO  o.s.b.a.h.H2ConsoleAutoConfiguration - H2 console available at '/h2-console'. Database available at 'jdbc:mysql://localhost:3306/sncf'
2023-07-01 22:36:21,338 [restartedMain] INFO  o.h.jpa.internal.util.LogHelper - HHH000204: Processing PersistenceUnitInfo [name: default]
2023-07-01 22:36:21,630 [restartedMain] INFO  org.hibernate.Version - HHH000412: Hibernate ORM core version 5.6.9.Final
2023-07-01 22:36:21,988 [restartedMain] INFO  o.h.annotations.common.Version - HCANN000001: Hibernate Commons Annotations {5.1.2.Final}
2023-07-01 22:36:22,210 [restartedMain] INFO  org.hibernate.dialect.Dialect - HHH000400: Using dialect: org.hibernate.dialect.MySQL5Dialect
2023-07-01 22:36:25,319 [restartedMain] INFO  o.h.e.t.j.p.i.JtaPlatformInitiator - HHH000490: Using JtaPlatform implementation: [org.hibernate.engine.transaction.jta.platform.internal.NoJtaPlatform]
2023-07-01 22:36:25,329 [restartedMain] INFO  o.s.o.j.LocalContainerEntityManagerFactoryBean - Initialized JPA EntityManagerFactory for persistence unit 'default'
2023-07-01 22:36:28,169 [restartedMain] WARN  o.s.b.a.o.j.JpaBaseConfiguration$JpaWebConfiguration - spring.jpa.open-in-view is enabled by default. Therefore, database queries may be performed during view rendering. Explicitly configure spring.jpa.open-in-view to disable this warning
2023-07-01 22:36:29,223 [restartedMain] INFO  o.s.b.d.a.OptionalLiveReloadServer - LiveReload server is running on port 35729
2023-07-01 22:36:29,248 [restartedMain] INFO  o.a.coyote.http11.Http11NioProtocol - Starting ProtocolHandler ["http-nio-8080"]
2023-07-01 22:36:29,290 [restartedMain] INFO  o.s.b.w.e.tomcat.TomcatWebServer - Tomcat started on port(s): 8080 (http) with context path ''
2023-07-01 22:36:29,308 [restartedMain] INFO  org.example.Main - Started Main in 15.884 seconds (JVM running for 17.822)
2023-07-01 22:36:30,056 [restartedMain] INFO  org.example.Main - le fichier à traiter SAM005-Chevilly_2023.06.15_08h51m52s.json
2023-07-01 22:38:13,434 [restartedMain] INFO  org.example.Main - Le fichier a été enregistré dans la base de données: SAM005-Chevilly_2023.06.15_08h51m52s.json
2023-07-01 22:38:13,458 [restartedMain] INFO  org.example.Main - l'url passé est https://test01.rd-vision-dev.com/get_images?system=2&dateFrom=2023-06-15T08:50:52&dateTo=2023-06-15T08:52:52
2023-07-01 22:38:14,167 [restartedMain] INFO  org.example.Main - Le programme a démarré.
2023-07-01 22:43:49,505 [SpringApplicationShutdownHook] INFO  o.s.o.j.LocalContainerEntityManagerFactoryBean - Closing JPA EntityManagerFactory for persistence unit 'default'
2023-07-01 22:43:49,619 [SpringApplicationShutdownHook] INFO  com.zaxxer.hikari.HikariDataSource - sncf - Shutdown initiated...
2023-07-01 22:43:49,710 [SpringApplicationShutdownHook] INFO  com.zaxxer.hikari.HikariDataSource - sncf - Shutdown completed.
2023-07-01 22:44:11,981 [background-preinit] INFO  o.h.validator.internal.util.Version - HV000001: Hibernate Validator 6.2.3.Final
2023-07-01 22:44:12,007 [restartedMain] INFO  org.example.Main - Starting Main using Java 17.0.6 on LAPTOP-J8JO732I with PID 42480 (C:\Users\ilham\Documents\sncfihm\back\target\classes started by ilham in C:\Users\ilham\Documents\sncfihm\back)
2023-07-01 22:44:12,009 [restartedMain] INFO  org.example.Main - No active profile set, falling back to 1 default profile: "default"
2023-07-01 22:44:12,151 [restartedMain] INFO  o.s.b.d.e.DevToolsPropertyDefaultsPostProcessor - Devtools property defaults active! Set 'spring.devtools.add-properties' to 'false' to disable
2023-07-01 22:44:12,152 [restartedMain] INFO  o.s.b.d.e.DevToolsPropertyDefaultsPostProcessor - For additional web related logging consider setting the 'logging.level.web' property to 'DEBUG'
2023-07-01 22:44:13,735 [restartedMain] INFO  o.s.d.r.c.RepositoryConfigurationDelegate - Bootstrapping Spring Data JPA repositories in DEFAULT mode.
2023-07-01 22:44:13,874 [restartedMain] INFO  o.s.d.r.c.RepositoryConfigurationDelegate - Finished Spring Data repository scanning in 121 ms. Found 6 JPA repository interfaces.
2023-07-01 22:44:15,608 [restartedMain] INFO  o.s.b.w.e.tomcat.TomcatWebServer - Tomcat initialized with port(s): 8080 (http)
2023-07-01 22:44:15,630 [restartedMain] INFO  o.a.coyote.http11.Http11NioProtocol - Initializing ProtocolHandler ["http-nio-8080"]
2023-07-01 22:44:15,631 [restartedMain] INFO  o.a.catalina.core.StandardService - Starting service [Tomcat]
2023-07-01 22:44:15,631 [restartedMain] INFO  o.a.catalina.core.StandardEngine - Starting Servlet engine: [Apache Tomcat/9.0.62]
2023-07-01 22:44:15,984 [restartedMain] INFO  o.a.c.c.C.[Tomcat].[localhost].[/] - Initializing Spring embedded WebApplicationContext
2023-07-01 22:44:15,985 [restartedMain] INFO  o.s.b.w.s.c.ServletWebServerApplicationContext - Root WebApplicationContext: initialization completed in 3831 ms
2023-07-01 22:44:16,061 [restartedMain] INFO  com.zaxxer.hikari.HikariDataSource - sncf - Starting...
2023-07-01 22:44:16,532 [restartedMain] INFO  com.zaxxer.hikari.HikariDataSource - sncf - Start completed.
2023-07-01 22:44:16,544 [restartedMain] INFO  o.s.b.a.h.H2ConsoleAutoConfiguration - H2 console available at '/h2-console'. Database available at 'jdbc:mysql://localhost:3306/sncf'
2023-07-01 22:44:16,867 [restartedMain] INFO  o.h.jpa.internal.util.LogHelper - HHH000204: Processing PersistenceUnitInfo [name: default]
2023-07-01 22:44:17,034 [restartedMain] INFO  org.hibernate.Version - HHH000412: Hibernate ORM core version 5.6.9.Final
2023-07-01 22:44:17,415 [restartedMain] INFO  o.h.annotations.common.Version - HCANN000001: Hibernate Commons Annotations {5.1.2.Final}
2023-07-01 22:44:17,660 [restartedMain] INFO  org.hibernate.dialect.Dialect - HHH000400: Using dialect: org.hibernate.dialect.MySQL5Dialect
2023-07-01 22:44:20,707 [restartedMain] INFO  o.h.e.t.j.p.i.JtaPlatformInitiator - HHH000490: Using JtaPlatform implementation: [org.hibernate.engine.transaction.jta.platform.internal.NoJtaPlatform]
2023-07-01 22:44:20,717 [restartedMain] INFO  o.s.o.j.LocalContainerEntityManagerFactoryBean - Initialized JPA EntityManagerFactory for persistence unit 'default'
2023-07-01 22:44:23,199 [restartedMain] WARN  o.s.b.a.o.j.JpaBaseConfiguration$JpaWebConfiguration - spring.jpa.open-in-view is enabled by default. Therefore, database queries may be performed during view rendering. Explicitly configure spring.jpa.open-in-view to disable this warning
2023-07-01 22:44:24,293 [restartedMain] INFO  o.s.b.d.a.OptionalLiveReloadServer - LiveReload server is running on port 35729
2023-07-01 22:44:24,321 [restartedMain] INFO  o.a.coyote.http11.Http11NioProtocol - Starting ProtocolHandler ["http-nio-8080"]
2023-07-01 22:44:24,373 [restartedMain] INFO  o.s.b.w.e.tomcat.TomcatWebServer - Tomcat started on port(s): 8080 (http) with context path ''
2023-07-01 22:44:24,394 [restartedMain] INFO  org.example.Main - Started Main in 13.219 seconds (JVM running for 15.333)
2023-07-01 22:44:25,314 [restartedMain] INFO  org.example.Main - le fichier à traiter SAM005-Chevilly_2023.06.15_08h51m52s.json
2023-07-01 22:46:00,102 [restartedMain] INFO  org.example.Main - Le fichier a été enregistré dans la base de données: SAM005-Chevilly_2023.06.15_08h51m52s.json
2023-07-01 22:46:00,119 [restartedMain] INFO  org.example.Main - l'url passé est https://test01.rd-vision-dev.com/get_images?system=2&dateFrom=2023-06-15T08:50:52&dateTo=2023-06-15T08:52:52
2023-07-01 22:46:00,775 [restartedMain] INFO  org.example.Main - Le programme a démarré.
2023-07-01 22:53:43,095 [SpringApplicationShutdownHook] INFO  o.s.o.j.LocalContainerEntityManagerFactoryBean - Closing JPA EntityManagerFactory for persistence unit 'default'
2023-07-01 22:53:43,115 [SpringApplicationShutdownHook] INFO  com.zaxxer.hikari.HikariDataSource - sncf - Shutdown initiated...
2023-07-01 22:53:43,162 [SpringApplicationShutdownHook] INFO  com.zaxxer.hikari.HikariDataSource - sncf - Shutdown completed.
2023-07-01 22:54:01,222 [background-preinit] INFO  o.h.validator.internal.util.Version - HV000001: Hibernate Validator 6.2.3.Final
2023-07-01 22:54:01,222 [restartedMain] INFO  org.example.Main - Starting Main using Java 17.0.6 on LAPTOP-J8JO732I with PID 8748 (C:\Users\ilham\Documents\sncfihm\back\target\classes started by ilham in C:\Users\ilham\Documents\sncfihm\back)
2023-07-01 22:54:01,230 [restartedMain] INFO  org.example.Main - No active profile set, falling back to 1 default profile: "default"
2023-07-01 22:54:01,544 [restartedMain] INFO  o.s.b.d.e.DevToolsPropertyDefaultsPostProcessor - Devtools property defaults active! Set 'spring.devtools.add-properties' to 'false' to disable
2023-07-01 22:54:01,545 [restartedMain] INFO  o.s.b.d.e.DevToolsPropertyDefaultsPostProcessor - For additional web related logging consider setting the 'logging.level.web' property to 'DEBUG'
2023-07-01 22:54:03,883 [restartedMain] INFO  o.s.d.r.c.RepositoryConfigurationDelegate - Bootstrapping Spring Data JPA repositories in DEFAULT mode.
2023-07-01 22:54:04,099 [restartedMain] INFO  o.s.d.r.c.RepositoryConfigurationDelegate - Finished Spring Data repository scanning in 194 ms. Found 6 JPA repository interfaces.
2023-07-01 22:54:06,420 [restartedMain] INFO  o.s.b.w.e.tomcat.TomcatWebServer - Tomcat initialized with port(s): 8080 (http)
2023-07-01 22:54:06,441 [restartedMain] INFO  o.a.coyote.http11.Http11NioProtocol - Initializing ProtocolHandler ["http-nio-8080"]
2023-07-01 22:54:06,442 [restartedMain] INFO  o.a.catalina.core.StandardService - Starting service [Tomcat]
2023-07-01 22:54:06,442 [restartedMain] INFO  o.a.catalina.core.StandardEngine - Starting Servlet engine: [Apache Tomcat/9.0.62]
2023-07-01 22:54:06,743 [restartedMain] INFO  o.a.c.c.C.[Tomcat].[localhost].[/] - Initializing Spring embedded WebApplicationContext
2023-07-01 22:54:06,743 [restartedMain] INFO  o.s.b.w.s.c.ServletWebServerApplicationContext - Root WebApplicationContext: initialization completed in 5191 ms
2023-07-01 22:54:06,915 [restartedMain] INFO  com.zaxxer.hikari.HikariDataSource - sncf - Starting...
2023-07-01 22:54:07,483 [restartedMain] INFO  com.zaxxer.hikari.HikariDataSource - sncf - Start completed.
2023-07-01 22:54:07,496 [restartedMain] INFO  o.s.b.a.h.H2ConsoleAutoConfiguration - H2 console available at '/h2-console'. Database available at 'jdbc:mysql://localhost:3306/sncf'
2023-07-01 22:54:07,840 [restartedMain] INFO  o.h.jpa.internal.util.LogHelper - HHH000204: Processing PersistenceUnitInfo [name: default]
2023-07-01 22:54:07,982 [restartedMain] INFO  org.hibernate.Version - HHH000412: Hibernate ORM core version 5.6.9.Final
2023-07-01 22:54:08,288 [restartedMain] INFO  o.h.annotations.common.Version - HCANN000001: Hibernate Commons Annotations {5.1.2.Final}
2023-07-01 22:54:08,504 [restartedMain] INFO  org.hibernate.dialect.Dialect - HHH000400: Using dialect: org.hibernate.dialect.MySQL5Dialect
2023-07-01 22:54:11,738 [restartedMain] INFO  o.h.e.t.j.p.i.JtaPlatformInitiator - HHH000490: Using JtaPlatform implementation: [org.hibernate.engine.transaction.jta.platform.internal.NoJtaPlatform]
2023-07-01 22:54:11,750 [restartedMain] INFO  o.s.o.j.LocalContainerEntityManagerFactoryBean - Initialized JPA EntityManagerFactory for persistence unit 'default'
2023-07-01 22:54:13,001 [restartedMain] WARN  o.s.b.a.o.j.JpaBaseConfiguration$JpaWebConfiguration - spring.jpa.open-in-view is enabled by default. Therefore, database queries may be performed during view rendering. Explicitly configure spring.jpa.open-in-view to disable this warning
2023-07-01 22:54:14,196 [restartedMain] INFO  o.s.b.d.a.OptionalLiveReloadServer - LiveReload server is running on port 35729
2023-07-01 22:54:14,254 [restartedMain] INFO  o.a.coyote.http11.Http11NioProtocol - Starting ProtocolHandler ["http-nio-8080"]
2023-07-01 22:54:14,432 [restartedMain] INFO  o.s.b.w.e.tomcat.TomcatWebServer - Tomcat started on port(s): 8080 (http) with context path ''
2023-07-01 22:54:14,461 [restartedMain] INFO  org.example.Main - Started Main in 15.313 seconds (JVM running for 17.293)
2023-07-01 22:54:14,498 [restartedMain] INFO  org.example.Main - Le programme a démarré.
2023-07-01 22:55:02,578 [SpringApplicationShutdownHook] INFO  o.s.o.j.LocalContainerEntityManagerFactoryBean - Closing JPA EntityManagerFactory for persistence unit 'default'
2023-07-01 22:55:02,585 [SpringApplicationShutdownHook] INFO  com.zaxxer.hikari.HikariDataSource - sncf - Shutdown initiated...
2023-07-01 22:55:02,606 [SpringApplicationShutdownHook] INFO  com.zaxxer.hikari.HikariDataSource - sncf - Shutdown completed.
2023-07-01 22:55:15,483 [background-preinit] INFO  o.h.validator.internal.util.Version - HV000001: Hibernate Validator 6.2.3.Final
2023-07-01 22:55:15,503 [restartedMain] INFO  org.example.Main - Starting Main using Java 17.0.6 on LAPTOP-J8JO732I with PID 1244 (C:\Users\ilham\Documents\sncfihm\back\target\classes started by ilham in C:\Users\ilham\Documents\sncfihm\back)
2023-07-01 22:55:15,505 [restartedMain] INFO  org.example.Main - No active profile set, falling back to 1 default profile: "default"
2023-07-01 22:55:15,632 [restartedMain] INFO  o.s.b.d.e.DevToolsPropertyDefaultsPostProcessor - Devtools property defaults active! Set 'spring.devtools.add-properties' to 'false' to disable
2023-07-01 22:55:15,633 [restartedMain] INFO  o.s.b.d.e.DevToolsPropertyDefaultsPostProcessor - For additional web related logging consider setting the 'logging.level.web' property to 'DEBUG'
2023-07-01 22:55:17,584 [restartedMain] INFO  o.s.d.r.c.RepositoryConfigurationDelegate - Bootstrapping Spring Data JPA repositories in DEFAULT mode.
2023-07-01 22:55:17,718 [restartedMain] INFO  o.s.d.r.c.RepositoryConfigurationDelegate - Finished Spring Data repository scanning in 116 ms. Found 6 JPA repository interfaces.
2023-07-01 22:55:19,499 [restartedMain] INFO  o.s.b.w.e.tomcat.TomcatWebServer - Tomcat initialized with port(s): 8080 (http)
2023-07-01 22:55:19,518 [restartedMain] INFO  o.a.coyote.http11.Http11NioProtocol - Initializing ProtocolHandler ["http-nio-8080"]
2023-07-01 22:55:19,519 [restartedMain] INFO  o.a.catalina.core.StandardService - Starting service [Tomcat]
2023-07-01 22:55:19,521 [restartedMain] INFO  o.a.catalina.core.StandardEngine - Starting Servlet engine: [Apache Tomcat/9.0.62]
2023-07-01 22:55:19,803 [restartedMain] INFO  o.a.c.c.C.[Tomcat].[localhost].[/] - Initializing Spring embedded WebApplicationContext
2023-07-01 22:55:19,804 [restartedMain] INFO  o.s.b.w.s.c.ServletWebServerApplicationContext - Root WebApplicationContext: initialization completed in 4167 ms
2023-07-01 22:55:19,890 [restartedMain] INFO  com.zaxxer.hikari.HikariDataSource - sncf - Starting...
2023-07-01 22:55:20,400 [restartedMain] INFO  com.zaxxer.hikari.HikariDataSource - sncf - Start completed.
2023-07-01 22:55:20,412 [restartedMain] INFO  o.s.b.a.h.H2ConsoleAutoConfiguration - H2 console available at '/h2-console'. Database available at 'jdbc:mysql://localhost:3306/sncf'
2023-07-01 22:55:20,714 [restartedMain] INFO  o.h.jpa.internal.util.LogHelper - HHH000204: Processing PersistenceUnitInfo [name: default]
2023-07-01 22:55:20,856 [restartedMain] INFO  org.hibernate.Version - HHH000412: Hibernate ORM core version 5.6.9.Final
2023-07-01 22:55:21,140 [restartedMain] INFO  o.h.annotations.common.Version - HCANN000001: Hibernate Commons Annotations {5.1.2.Final}
2023-07-01 22:55:21,342 [restartedMain] INFO  org.hibernate.dialect.Dialect - HHH000400: Using dialect: org.hibernate.dialect.MySQL5Dialect
2023-07-01 22:55:24,148 [restartedMain] INFO  o.h.e.t.j.p.i.JtaPlatformInitiator - HHH000490: Using JtaPlatform implementation: [org.hibernate.engine.transaction.jta.platform.internal.NoJtaPlatform]
2023-07-01 22:55:24,160 [restartedMain] INFO  o.s.o.j.LocalContainerEntityManagerFactoryBean - Initialized JPA EntityManagerFactory for persistence unit 'default'
2023-07-01 22:55:25,500 [restartedMain] WARN  o.s.b.a.o.j.JpaBaseConfiguration$JpaWebConfiguration - spring.jpa.open-in-view is enabled by default. Therefore, database queries may be performed during view rendering. Explicitly configure spring.jpa.open-in-view to disable this warning
2023-07-01 22:55:26,348 [restartedMain] INFO  o.s.b.d.a.OptionalLiveReloadServer - LiveReload server is running on port 35729
2023-07-01 22:55:26,370 [restartedMain] INFO  o.a.coyote.http11.Http11NioProtocol - Starting ProtocolHandler ["http-nio-8080"]
2023-07-01 22:55:26,408 [restartedMain] INFO  o.s.b.w.e.tomcat.TomcatWebServer - Tomcat started on port(s): 8080 (http) with context path ''
2023-07-01 22:55:26,426 [restartedMain] INFO  org.example.Main - Started Main in 11.814 seconds (JVM running for 13.504)
2023-07-01 22:55:26,443 [restartedMain] INFO  org.example.Main - Le programme a démarré.
2023-07-01 22:55:41,371 [Thread-7] INFO  org.example.Main - le fichier à traiter SAM005-Chevilly_2023.06.15_08h51m52s.json
2023-07-01 22:57:29,619 [Thread-7] INFO  org.example.Main - Le fichier a été enregistré dans la base de données: SAM005-Chevilly_2023.06.15_08h51m52s.json
2023-07-01 22:57:30,667 [Thread-7] INFO  org.example.Main - l'url passé est https://test01.rd-vision-dev.com/get_images?system=2&dateFrom=2023-06-15T08:50:52&dateTo=2023-06-15T08:52:52
2023-07-01 23:38:53,876 [SpringApplicationShutdownHook] INFO  o.s.o.j.LocalContainerEntityManagerFactoryBean - Closing JPA EntityManagerFactory for persistence unit 'default'
2023-07-01 23:38:53,928 [SpringApplicationShutdownHook] INFO  com.zaxxer.hikari.HikariDataSource - sncf - Shutdown initiated...
2023-07-01 23:38:53,953 [SpringApplicationShutdownHook] INFO  com.zaxxer.hikari.HikariDataSource - sncf - Shutdown completed.
2023-07-01 23:39:10,398 [background-preinit] INFO  o.h.validator.internal.util.Version - HV000001: Hibernate Validator 6.2.3.Final
2023-07-01 23:39:10,408 [restartedMain] INFO  org.example.Main - Starting Main using Java 17.0.6 on LAPTOP-J8JO732I with PID 44196 (C:\Users\ilham\Documents\sncfihm\back\target\classes started by ilham in C:\Users\ilham\Documents\sncfihm\back)
2023-07-01 23:39:10,410 [restartedMain] INFO  org.example.Main - No active profile set, falling back to 1 default profile: "default"
2023-07-01 23:39:10,536 [restartedMain] INFO  o.s.b.d.e.DevToolsPropertyDefaultsPostProcessor - Devtools property defaults active! Set 'spring.devtools.add-properties' to 'false' to disable
2023-07-01 23:39:10,537 [restartedMain] INFO  o.s.b.d.e.DevToolsPropertyDefaultsPostProcessor - For additional web related logging consider setting the 'logging.level.web' property to 'DEBUG'
2023-07-01 23:39:12,089 [restartedMain] INFO  o.s.d.r.c.RepositoryConfigurationDelegate - Bootstrapping Spring Data JPA repositories in DEFAULT mode.
2023-07-01 23:39:12,254 [restartedMain] INFO  o.s.d.r.c.RepositoryConfigurationDelegate - Finished Spring Data repository scanning in 141 ms. Found 6 JPA repository interfaces.
2023-07-01 23:39:14,099 [restartedMain] INFO  o.s.b.w.e.tomcat.TomcatWebServer - Tomcat initialized with port(s): 8080 (http)
2023-07-01 23:39:14,126 [restartedMain] INFO  o.a.coyote.http11.Http11NioProtocol - Initializing ProtocolHandler ["http-nio-8080"]
2023-07-01 23:39:14,128 [restartedMain] INFO  o.a.catalina.core.StandardService - Starting service [Tomcat]
2023-07-01 23:39:14,128 [restartedMain] INFO  o.a.catalina.core.StandardEngine - Starting Servlet engine: [Apache Tomcat/9.0.62]
2023-07-01 23:39:14,389 [restartedMain] INFO  o.a.c.c.C.[Tomcat].[localhost].[/] - Initializing Spring embedded WebApplicationContext
2023-07-01 23:39:14,389 [restartedMain] INFO  o.s.b.w.s.c.ServletWebServerApplicationContext - Root WebApplicationContext: initialization completed in 3850 ms
2023-07-01 23:39:14,462 [restartedMain] INFO  com.zaxxer.hikari.HikariDataSource - sncf - Starting...
2023-07-01 23:39:15,158 [restartedMain] INFO  com.zaxxer.hikari.HikariDataSource - sncf - Start completed.
2023-07-01 23:39:15,175 [restartedMain] INFO  o.s.b.a.h.H2ConsoleAutoConfiguration - H2 console available at '/h2-console'. Database available at 'jdbc:mysql://localhost:3306/sncf'
2023-07-01 23:39:15,499 [restartedMain] INFO  o.h.jpa.internal.util.LogHelper - HHH000204: Processing PersistenceUnitInfo [name: default]
2023-07-01 23:39:15,698 [restartedMain] INFO  org.hibernate.Version - HHH000412: Hibernate ORM core version 5.6.9.Final
2023-07-01 23:39:16,078 [restartedMain] INFO  o.h.annotations.common.Version - HCANN000001: Hibernate Commons Annotations {5.1.2.Final}
2023-07-01 23:39:16,280 [restartedMain] INFO  org.hibernate.dialect.Dialect - HHH000400: Using dialect: org.hibernate.dialect.MySQL5Dialect
2023-07-01 23:39:19,080 [restartedMain] INFO  o.h.e.t.j.p.i.JtaPlatformInitiator - HHH000490: Using JtaPlatform implementation: [org.hibernate.engine.transaction.jta.platform.internal.NoJtaPlatform]
2023-07-01 23:39:19,089 [restartedMain] INFO  o.s.o.j.LocalContainerEntityManagerFactoryBean - Initialized JPA EntityManagerFactory for persistence unit 'default'
2023-07-01 23:39:20,410 [restartedMain] WARN  o.s.b.a.o.j.JpaBaseConfiguration$JpaWebConfiguration - spring.jpa.open-in-view is enabled by default. Therefore, database queries may be performed during view rendering. Explicitly configure spring.jpa.open-in-view to disable this warning
2023-07-01 23:39:21,295 [restartedMain] INFO  o.s.b.d.a.OptionalLiveReloadServer - LiveReload server is running on port 35729
2023-07-01 23:39:21,316 [restartedMain] INFO  o.a.coyote.http11.Http11NioProtocol - Starting ProtocolHandler ["http-nio-8080"]
2023-07-01 23:39:21,355 [restartedMain] INFO  o.s.b.w.e.tomcat.TomcatWebServer - Tomcat started on port(s): 8080 (http) with context path ''
2023-07-01 23:39:21,371 [restartedMain] INFO  org.example.Main - Started Main in 11.757 seconds (JVM running for 13.466)
2023-07-01 23:39:21,381 [restartedMain] INFO  org.example.Main - Le programme a démarré.
2023-07-01 23:39:51,607 [Thread-7] INFO  org.example.Main - le fichier à traiter SAM005-Chevilly_2023.06.15_08h51m52s.json
2023-07-01 23:39:51,824 [Thread-7] INFO  org.example.Main - Le fichier a été enregistré dans la base de données: SAM005-Chevilly_2023.06.15_08h51m52s.json
2023-07-01 23:47:04,235 [SpringApplicationShutdownHook] INFO  o.s.o.j.LocalContainerEntityManagerFactoryBean - Closing JPA EntityManagerFactory for persistence unit 'default'
2023-07-01 23:47:04,245 [SpringApplicationShutdownHook] INFO  com.zaxxer.hikari.HikariDataSource - sncf - Shutdown initiated...
2023-07-01 23:47:04,286 [SpringApplicationShutdownHook] INFO  com.zaxxer.hikari.HikariDataSource - sncf - Shutdown completed.
2023-07-01 23:47:23,877 [background-preinit] INFO  o.h.validator.internal.util.Version - HV000001: Hibernate Validator 6.2.3.Final
2023-07-01 23:47:23,897 [restartedMain] INFO  org.example.Main - Starting Main using Java 17.0.6 on LAPTOP-J8JO732I with PID 4148 (C:\Users\ilham\Documents\sncfihm\back\target\classes started by ilham in C:\Users\ilham\Documents\sncfihm\back)
2023-07-01 23:47:23,899 [restartedMain] INFO  org.example.Main - No active profile set, falling back to 1 default profile: "default"
2023-07-01 23:47:24,013 [restartedMain] INFO  o.s.b.d.e.DevToolsPropertyDefaultsPostProcessor - Devtools property defaults active! Set 'spring.devtools.add-properties' to 'false' to disable
2023-07-01 23:47:24,013 [restartedMain] INFO  o.s.b.d.e.DevToolsPropertyDefaultsPostProcessor - For additional web related logging consider setting the 'logging.level.web' property to 'DEBUG'
2023-07-01 23:47:25,502 [restartedMain] INFO  o.s.d.r.c.RepositoryConfigurationDelegate - Bootstrapping Spring Data JPA repositories in DEFAULT mode.
2023-07-01 23:47:25,639 [restartedMain] INFO  o.s.d.r.c.RepositoryConfigurationDelegate - Finished Spring Data repository scanning in 116 ms. Found 6 JPA repository interfaces.
2023-07-01 23:47:27,366 [restartedMain] INFO  o.s.b.w.e.tomcat.TomcatWebServer - Tomcat initialized with port(s): 8080 (http)
2023-07-01 23:47:27,386 [restartedMain] INFO  o.a.coyote.http11.Http11NioProtocol - Initializing ProtocolHandler ["http-nio-8080"]
2023-07-01 23:47:27,387 [restartedMain] INFO  o.a.catalina.core.StandardService - Starting service [Tomcat]
2023-07-01 23:47:27,388 [restartedMain] INFO  o.a.catalina.core.StandardEngine - Starting Servlet engine: [Apache Tomcat/9.0.62]
2023-07-01 23:47:27,651 [restartedMain] INFO  o.a.c.c.C.[Tomcat].[localhost].[/] - Initializing Spring embedded WebApplicationContext
2023-07-01 23:47:27,652 [restartedMain] INFO  o.s.b.w.s.c.ServletWebServerApplicationContext - Root WebApplicationContext: initialization completed in 3638 ms
2023-07-01 23:47:27,743 [restartedMain] INFO  com.zaxxer.hikari.HikariDataSource - sncf - Starting...
2023-07-01 23:47:28,267 [restartedMain] INFO  com.zaxxer.hikari.HikariDataSource - sncf - Start completed.
2023-07-01 23:47:28,278 [restartedMain] INFO  o.s.b.a.h.H2ConsoleAutoConfiguration - H2 console available at '/h2-console'. Database available at 'jdbc:mysql://localhost:3306/sncf'
2023-07-01 23:47:28,563 [restartedMain] INFO  o.h.jpa.internal.util.LogHelper - HHH000204: Processing PersistenceUnitInfo [name: default]
2023-07-01 23:47:28,713 [restartedMain] INFO  org.hibernate.Version - HHH000412: Hibernate ORM core version 5.6.9.Final
2023-07-01 23:47:29,051 [restartedMain] INFO  o.h.annotations.common.Version - HCANN000001: Hibernate Commons Annotations {5.1.2.Final}
2023-07-01 23:47:29,349 [restartedMain] INFO  org.hibernate.dialect.Dialect - HHH000400: Using dialect: org.hibernate.dialect.MySQL5Dialect
2023-07-01 23:47:32,171 [restartedMain] INFO  o.h.e.t.j.p.i.JtaPlatformInitiator - HHH000490: Using JtaPlatform implementation: [org.hibernate.engine.transaction.jta.platform.internal.NoJtaPlatform]
2023-07-01 23:47:32,190 [restartedMain] INFO  o.s.o.j.LocalContainerEntityManagerFactoryBean - Initialized JPA EntityManagerFactory for persistence unit 'default'
2023-07-01 23:47:33,358 [restartedMain] WARN  o.s.b.a.o.j.JpaBaseConfiguration$JpaWebConfiguration - spring.jpa.open-in-view is enabled by default. Therefore, database queries may be performed during view rendering. Explicitly configure spring.jpa.open-in-view to disable this warning
2023-07-01 23:47:34,247 [restartedMain] INFO  o.s.b.d.a.OptionalLiveReloadServer - LiveReload server is running on port 35729
2023-07-01 23:47:34,277 [restartedMain] INFO  o.a.coyote.http11.Http11NioProtocol - Starting ProtocolHandler ["http-nio-8080"]
2023-07-01 23:47:34,327 [restartedMain] INFO  o.s.b.w.e.tomcat.TomcatWebServer - Tomcat started on port(s): 8080 (http) with context path ''
2023-07-01 23:47:34,347 [restartedMain] INFO  org.example.Main - Started Main in 11.214 seconds (JVM running for 12.917)
2023-07-01 23:47:34,361 [restartedMain] INFO  org.example.Main - Le programme a démarré.
2023-07-01 23:47:38,265 [Thread-7] INFO  org.example.Main - le fichier à traiter SAM005-Chevilly_2023.06.15_08h51m52s.json
2023-07-01 23:47:38,418 [Thread-7] INFO  org.example.Main - Le fichier a été enregistré dans la base de données: SAM005-Chevilly_2023.06.15_08h51m52s.json
2023-07-01 23:57:39,585 [SpringApplicationShutdownHook] INFO  o.s.o.j.LocalContainerEntityManagerFactoryBean - Closing JPA EntityManagerFactory for persistence unit 'default'
2023-07-01 23:57:39,596 [SpringApplicationShutdownHook] INFO  com.zaxxer.hikari.HikariDataSource - sncf - Shutdown initiated...
2023-07-01 23:57:39,633 [SpringApplicationShutdownHook] INFO  com.zaxxer.hikari.HikariDataSource - sncf - Shutdown completed.
2023-07-01 23:57:56,990 [background-preinit] INFO  o.h.validator.internal.util.Version - HV000001: Hibernate Validator 6.2.3.Final
2023-07-01 23:57:57,004 [restartedMain] INFO  org.example.Main - Starting Main using Java 17.0.6 on LAPTOP-J8JO732I with PID 36508 (C:\Users\ilham\Documents\sncfihm\back\target\classes started by ilham in C:\Users\ilham\Documents\sncfihm\back)
2023-07-01 23:57:57,006 [restartedMain] INFO  org.example.Main - No active profile set, falling back to 1 default profile: "default"
2023-07-01 23:57:57,127 [restartedMain] INFO  o.s.b.d.e.DevToolsPropertyDefaultsPostProcessor - Devtools property defaults active! Set 'spring.devtools.add-properties' to 'false' to disable
2023-07-01 23:57:57,128 [restartedMain] INFO  o.s.b.d.e.DevToolsPropertyDefaultsPostProcessor - For additional web related logging consider setting the 'logging.level.web' property to 'DEBUG'
2023-07-01 23:57:59,143 [restartedMain] INFO  o.s.d.r.c.RepositoryConfigurationDelegate - Bootstrapping Spring Data JPA repositories in DEFAULT mode.
2023-07-01 23:57:59,327 [restartedMain] INFO  o.s.d.r.c.RepositoryConfigurationDelegate - Finished Spring Data repository scanning in 156 ms. Found 6 JPA repository interfaces.
2023-07-01 23:58:01,466 [restartedMain] INFO  o.s.b.w.e.tomcat.TomcatWebServer - Tomcat initialized with port(s): 8080 (http)
2023-07-01 23:58:01,493 [restartedMain] INFO  o.a.coyote.http11.Http11NioProtocol - Initializing ProtocolHandler ["http-nio-8080"]
2023-07-01 23:58:01,494 [restartedMain] INFO  o.a.catalina.core.StandardService - Starting service [Tomcat]
2023-07-01 23:58:01,494 [restartedMain] INFO  o.a.catalina.core.StandardEngine - Starting Servlet engine: [Apache Tomcat/9.0.62]
2023-07-01 23:58:01,752 [restartedMain] INFO  o.a.c.c.C.[Tomcat].[localhost].[/] - Initializing Spring embedded WebApplicationContext
2023-07-01 23:58:01,753 [restartedMain] INFO  o.s.b.w.s.c.ServletWebServerApplicationContext - Root WebApplicationContext: initialization completed in 4623 ms
2023-07-01 23:58:01,838 [restartedMain] INFO  com.zaxxer.hikari.HikariDataSource - sncf - Starting...
2023-07-01 23:58:02,424 [restartedMain] INFO  com.zaxxer.hikari.HikariDataSource - sncf - Start completed.
2023-07-01 23:58:02,451 [restartedMain] INFO  o.s.b.a.h.H2ConsoleAutoConfiguration - H2 console available at '/h2-console'. Database available at 'jdbc:mysql://localhost:3306/sncf'
2023-07-01 23:58:02,748 [restartedMain] INFO  o.h.jpa.internal.util.LogHelper - HHH000204: Processing PersistenceUnitInfo [name: default]
2023-07-01 23:58:02,861 [restartedMain] INFO  org.hibernate.Version - HHH000412: Hibernate ORM core version 5.6.9.Final
2023-07-01 23:58:03,210 [restartedMain] INFO  o.h.annotations.common.Version - HCANN000001: Hibernate Commons Annotations {5.1.2.Final}
2023-07-01 23:58:03,433 [restartedMain] INFO  org.hibernate.dialect.Dialect - HHH000400: Using dialect: org.hibernate.dialect.MySQL5Dialect
2023-07-01 23:58:06,222 [restartedMain] INFO  o.h.e.t.j.p.i.JtaPlatformInitiator - HHH000490: Using JtaPlatform implementation: [org.hibernate.engine.transaction.jta.platform.internal.NoJtaPlatform]
2023-07-01 23:58:06,231 [restartedMain] INFO  o.s.o.j.LocalContainerEntityManagerFactoryBean - Initialized JPA EntityManagerFactory for persistence unit 'default'
2023-07-01 23:58:07,450 [restartedMain] WARN  o.s.b.a.o.j.JpaBaseConfiguration$JpaWebConfiguration - spring.jpa.open-in-view is enabled by default. Therefore, database queries may be performed during view rendering. Explicitly configure spring.jpa.open-in-view to disable this warning
2023-07-01 23:58:08,385 [restartedMain] INFO  o.s.b.d.a.OptionalLiveReloadServer - LiveReload server is running on port 35729
2023-07-01 23:58:08,406 [restartedMain] INFO  o.a.coyote.http11.Http11NioProtocol - Starting ProtocolHandler ["http-nio-8080"]
2023-07-01 23:58:08,461 [restartedMain] INFO  o.s.b.w.e.tomcat.TomcatWebServer - Tomcat started on port(s): 8080 (http) with context path ''
2023-07-01 23:58:08,484 [restartedMain] INFO  org.example.Main - Started Main in 12.468 seconds (JVM running for 14.278)
2023-07-01 23:58:08,497 [restartedMain] INFO  org.example.Main - Le programme a démarré.
2023-07-01 23:59:03,511 [Thread-7] INFO  org.example.Main - le fichier à traiter SAM005-Chevilly_2023.06.15_08h51m52s.json
2023-07-01 23:59:03,669 [Thread-7] INFO  org.example.Main - Le fichier a été enregistré dans la base de données: SAM005-Chevilly_2023.06.15_08h51m52s.json
