2023-06-27 04:13:27,945 [sncf housekeeper] WARN  com.zaxxer.hikari.pool.HikariPool - sncf - Thread starvation or clock leap detected (housekeeper delta=12h26s994ms80µs900ns).
2023-06-27 09:45:24,509 [sncf housekeeper] WARN  com.zaxxer.hikari.pool.HikariPool - sncf - Thread starvation or clock leap detected (housekeeper delta=5h31m57s721ms288µs).
2023-06-27 09:57:12,822 [SpringApplicationShutdownHook] INFO  o.s.o.j.LocalContainerEntityManagerFactoryBean - Closing JPA EntityManagerFactory for persistence unit 'default'
2023-06-27 09:57:13,009 [SpringApplicationShutdownHook] INFO  com.zaxxer.hikari.HikariDataSource - sncf - Shutdown initiated...
2023-06-27 09:57:13,121 [SpringApplicationShutdownHook] INFO  com.zaxxer.hikari.HikariDataSource - sncf - Shutdown completed.
2023-06-27 09:57:24,289 [restartedMain] INFO  org.example.Main - Starting Main using Java 17.0.6 on 4-FR92PC-057 with PID 20368 (C:\Users\Ilham Barache\Downloads\Backend-20230612T070149Z-001\Backend\target\classes started by Ilham Barache in C:\Users\Ilham Barache\Downloads\Backend-20230612T070149Z-001\Backend)
2023-06-27 09:57:24,289 [background-preinit] INFO  o.h.validator.internal.util.Version - HV000001: Hibernate Validator 6.2.3.Final
2023-06-27 09:57:24,293 [restartedMain] INFO  org.example.Main - No active profile set, falling back to 1 default profile: "default"
2023-06-27 09:57:24,455 [restartedMain] INFO  o.s.b.d.e.DevToolsPropertyDefaultsPostProcessor - Devtools property defaults active! Set 'spring.devtools.add-properties' to 'false' to disable
2023-06-27 09:57:24,456 [restartedMain] INFO  o.s.b.d.e.DevToolsPropertyDefaultsPostProcessor - For additional web related logging consider setting the 'logging.level.web' property to 'DEBUG'
2023-06-27 09:57:27,657 [restartedMain] INFO  o.s.d.r.c.RepositoryConfigurationDelegate - Bootstrapping Spring Data JPA repositories in DEFAULT mode.
2023-06-27 09:57:27,808 [restartedMain] INFO  o.s.d.r.c.RepositoryConfigurationDelegate - Finished Spring Data repository scanning in 130 ms. Found 6 JPA repository interfaces.
2023-06-27 09:57:29,032 [restartedMain] INFO  o.s.b.w.e.tomcat.TomcatWebServer - Tomcat initialized with port(s): 8080 (http)
2023-06-27 09:57:29,045 [restartedMain] INFO  o.a.coyote.http11.Http11NioProtocol - Initializing ProtocolHandler ["http-nio-8080"]
2023-06-27 09:57:29,046 [restartedMain] INFO  o.a.catalina.core.StandardService - Starting service [Tomcat]
2023-06-27 09:57:29,046 [restartedMain] INFO  o.a.catalina.core.StandardEngine - Starting Servlet engine: [Apache Tomcat/9.0.62]
2023-06-27 09:57:29,175 [restartedMain] INFO  o.a.c.c.C.[Tomcat].[localhost].[/] - Initializing Spring embedded WebApplicationContext
2023-06-27 09:57:29,175 [restartedMain] INFO  o.s.b.w.s.c.ServletWebServerApplicationContext - Root WebApplicationContext: initialization completed in 4718 ms
2023-06-27 09:57:29,223 [restartedMain] INFO  com.zaxxer.hikari.HikariDataSource - sncf - Starting...
2023-06-27 09:57:29,779 [restartedMain] INFO  com.zaxxer.hikari.HikariDataSource - sncf - Start completed.
2023-06-27 09:57:29,791 [restartedMain] INFO  o.s.b.a.h.H2ConsoleAutoConfiguration - H2 console available at '/h2-console'. Database available at 'jdbc:mysql://localhost:3306/sncf'
2023-06-27 09:57:29,959 [restartedMain] INFO  o.h.jpa.internal.util.LogHelper - HHH000204: Processing PersistenceUnitInfo [name: default]
2023-06-27 09:57:30,088 [restartedMain] INFO  org.hibernate.Version - HHH000412: Hibernate ORM core version 5.6.9.Final
2023-06-27 09:57:30,322 [restartedMain] INFO  o.h.annotations.common.Version - HCANN000001: Hibernate Commons Annotations {5.1.2.Final}
2023-06-27 09:57:30,587 [restartedMain] INFO  org.hibernate.dialect.Dialect - HHH000400: Using dialect: org.hibernate.dialect.MySQL5Dialect
2023-06-27 09:57:36,670 [restartedMain] INFO  o.h.e.t.j.p.i.JtaPlatformInitiator - HHH000490: Using JtaPlatform implementation: [org.hibernate.engine.transaction.jta.platform.internal.NoJtaPlatform]
2023-06-27 09:57:36,696 [restartedMain] INFO  o.s.o.j.LocalContainerEntityManagerFactoryBean - Initialized JPA EntityManagerFactory for persistence unit 'default'
2023-06-27 09:57:38,134 [restartedMain] WARN  o.s.b.a.o.j.JpaBaseConfiguration$JpaWebConfiguration - spring.jpa.open-in-view is enabled by default. Therefore, database queries may be performed during view rendering. Explicitly configure spring.jpa.open-in-view to disable this warning
2023-06-27 09:57:39,830 [restartedMain] INFO  o.s.b.d.a.OptionalLiveReloadServer - LiveReload server is running on port 35729
2023-06-27 09:57:39,898 [restartedMain] INFO  o.a.coyote.http11.Http11NioProtocol - Starting ProtocolHandler ["http-nio-8080"]
2023-06-27 09:57:39,971 [restartedMain] INFO  o.s.b.w.e.tomcat.TomcatWebServer - Tomcat started on port(s): 8080 (http) with context path ''
2023-06-27 09:57:40,006 [restartedMain] INFO  org.example.Main - Started Main in 16.551 seconds (JVM running for 21.029)
2023-06-27 09:57:40,026 [restartedMain] INFO  org.example.Main - Le programme a démarré.
2023-06-27 09:57:53,985 [http-nio-8080-exec-3] INFO  o.a.c.c.C.[Tomcat].[localhost].[/] - Initializing Spring DispatcherServlet 'dispatcherServlet'
2023-06-27 09:57:53,985 [http-nio-8080-exec-3] INFO  o.s.web.servlet.DispatcherServlet - Initializing Servlet 'dispatcherServlet'
2023-06-27 09:57:53,988 [http-nio-8080-exec-3] INFO  o.s.web.servlet.DispatcherServlet - Completed initialization in 3 ms
2023-06-27 09:58:18,662 [http-nio-8080-exec-5] INFO  o.e.controller.SamTrainController - Nombre de fichiers lus : 8
2023-06-27 09:58:18,662 [http-nio-8080-exec-5] INFO  o.e.controller.SamTrainController - Nombre de capteurs récupérés : 8
2023-06-27 09:58:34,840 [http-nio-8080-exec-9] INFO  o.e.controller.SamTrainController - Nombre de fichiers lus : 8
2023-06-27 09:58:34,840 [http-nio-8080-exec-9] INFO  o.e.controller.SamTrainController - Nombre de capteurs récupérés : 8
2023-06-27 09:59:31,659 [http-nio-8080-exec-3] INFO  o.e.controller.SamTrainController - Le tableau contient des éléments
2023-06-27 09:59:31,659 [http-nio-8080-exec-3] INFO  o.e.controller.SamTrainController - Fichier trouvé : C:\Users\Ilham Barache\Documents\output\SAM005-Chevilly_2023.05.16_14h42m13s.json
2023-06-27 09:59:32,683 [http-nio-8080-exec-3] INFO  o.e.controller.SamTrainController - Nombre de tempsMs récupérés : 19
2023-06-27 09:59:50,461 [http-nio-8080-exec-4] INFO  o.e.controller.SamTrainController - Nombre de résultats récupérés : 1
2023-06-27 09:59:50,544 [http-nio-8080-exec-7] INFO  o.e.controller.SamTrainController - Nombre de résultats récupérés : 1
2023-06-27 10:00:23,101 [http-nio-8080-exec-5] INFO  o.e.controller.SamTrainController - Nombre de résultats récupérés : 1
2023-06-27 10:00:23,183 [http-nio-8080-exec-6] INFO  o.e.controller.SamTrainController - Nombre de résultats récupérés : 1
2023-06-27 10:00:57,776 [http-nio-8080-exec-9] INFO  o.e.controller.SamTrainController - Nombre de résultats récupérés : 1
2023-06-27 10:00:57,824 [http-nio-8080-exec-10] INFO  o.e.controller.SamTrainController - Nombre de résultats récupérés : 1
2023-06-27 10:05:46,374 [SpringApplicationShutdownHook] INFO  o.s.o.j.LocalContainerEntityManagerFactoryBean - Closing JPA EntityManagerFactory for persistence unit 'default'
2023-06-27 10:05:46,787 [SpringApplicationShutdownHook] INFO  com.zaxxer.hikari.HikariDataSource - sncf - Shutdown initiated...
2023-06-27 10:05:46,898 [SpringApplicationShutdownHook] INFO  com.zaxxer.hikari.HikariDataSource - sncf - Shutdown completed.
2023-06-27 10:06:06,913 [restartedMain] INFO  org.example.Main - Starting Main using Java 17.0.6 on 4-FR92PC-057 with PID 21652 (C:\Users\Ilham Barache\Downloads\Backend-20230612T070149Z-001\Backend\target\classes started by Ilham Barache in C:\Users\Ilham Barache\Downloads\Backend-20230612T070149Z-001\Backend)
2023-06-27 10:06:06,911 [background-preinit] INFO  o.h.validator.internal.util.Version - HV000001: Hibernate Validator 6.2.3.Final
2023-06-27 10:06:06,916 [restartedMain] INFO  org.example.Main - No active profile set, falling back to 1 default profile: "default"
2023-06-27 10:06:07,033 [restartedMain] INFO  o.s.b.d.e.DevToolsPropertyDefaultsPostProcessor - Devtools property defaults active! Set 'spring.devtools.add-properties' to 'false' to disable
2023-06-27 10:06:07,035 [restartedMain] INFO  o.s.b.d.e.DevToolsPropertyDefaultsPostProcessor - For additional web related logging consider setting the 'logging.level.web' property to 'DEBUG'
2023-06-27 10:06:08,792 [restartedMain] INFO  o.s.d.r.c.RepositoryConfigurationDelegate - Bootstrapping Spring Data JPA repositories in DEFAULT mode.
2023-06-27 10:06:08,919 [restartedMain] INFO  o.s.d.r.c.RepositoryConfigurationDelegate - Finished Spring Data repository scanning in 110 ms. Found 6 JPA repository interfaces.
2023-06-27 10:06:09,703 [restartedMain] INFO  o.s.b.w.e.tomcat.TomcatWebServer - Tomcat initialized with port(s): 8080 (http)
2023-06-27 10:06:09,717 [restartedMain] INFO  o.a.coyote.http11.Http11NioProtocol - Initializing ProtocolHandler ["http-nio-8080"]
2023-06-27 10:06:09,717 [restartedMain] INFO  o.a.catalina.core.StandardService - Starting service [Tomcat]
2023-06-27 10:06:09,717 [restartedMain] INFO  o.a.catalina.core.StandardEngine - Starting Servlet engine: [Apache Tomcat/9.0.62]
2023-06-27 10:06:09,844 [restartedMain] INFO  o.a.c.c.C.[Tomcat].[localhost].[/] - Initializing Spring embedded WebApplicationContext
2023-06-27 10:06:09,844 [restartedMain] INFO  o.s.b.w.s.c.ServletWebServerApplicationContext - Root WebApplicationContext: initialization completed in 2808 ms
2023-06-27 10:06:09,884 [restartedMain] INFO  com.zaxxer.hikari.HikariDataSource - sncf - Starting...
2023-06-27 10:06:10,397 [restartedMain] INFO  com.zaxxer.hikari.HikariDataSource - sncf - Start completed.
2023-06-27 10:06:10,408 [restartedMain] INFO  o.s.b.a.h.H2ConsoleAutoConfiguration - H2 console available at '/h2-console'. Database available at 'jdbc:mysql://localhost:3306/sncf'
2023-06-27 10:06:10,563 [restartedMain] INFO  o.h.jpa.internal.util.LogHelper - HHH000204: Processing PersistenceUnitInfo [name: default]
2023-06-27 10:06:10,672 [restartedMain] INFO  org.hibernate.Version - HHH000412: Hibernate ORM core version 5.6.9.Final
2023-06-27 10:06:10,917 [restartedMain] INFO  o.h.annotations.common.Version - HCANN000001: Hibernate Commons Annotations {5.1.2.Final}
2023-06-27 10:06:11,066 [restartedMain] INFO  org.hibernate.dialect.Dialect - HHH000400: Using dialect: org.hibernate.dialect.MySQL5Dialect
2023-06-27 10:06:14,069 [restartedMain] INFO  o.h.e.t.j.p.i.JtaPlatformInitiator - HHH000490: Using JtaPlatform implementation: [org.hibernate.engine.transaction.jta.platform.internal.NoJtaPlatform]
2023-06-27 10:06:14,079 [restartedMain] INFO  o.s.o.j.LocalContainerEntityManagerFactoryBean - Initialized JPA EntityManagerFactory for persistence unit 'default'
2023-06-27 10:06:14,780 [restartedMain] WARN  o.s.b.a.o.j.JpaBaseConfiguration$JpaWebConfiguration - spring.jpa.open-in-view is enabled by default. Therefore, database queries may be performed during view rendering. Explicitly configure spring.jpa.open-in-view to disable this warning
2023-06-27 10:06:15,281 [restartedMain] INFO  o.s.b.d.a.OptionalLiveReloadServer - LiveReload server is running on port 35729
2023-06-27 10:06:15,302 [restartedMain] INFO  o.a.coyote.http11.Http11NioProtocol - Starting ProtocolHandler ["http-nio-8080"]
2023-06-27 10:06:15,325 [restartedMain] INFO  o.s.b.w.e.tomcat.TomcatWebServer - Tomcat started on port(s): 8080 (http) with context path ''
2023-06-27 10:06:15,337 [restartedMain] INFO  org.example.Main - Started Main in 9.118 seconds (JVM running for 10.84)
2023-06-27 10:06:15,343 [restartedMain] INFO  org.example.Main - Le programme a démarré.
2023-06-27 10:07:39,420 [Thread-7] INFO  org.example.Main - Le fichier a été déplacé avec succès oui !50592-Chevilly_2023.10.09_16h52m28s_Résultats-1xTint.json
2023-06-27 13:16:02,803 [SpringApplicationShutdownHook] INFO  o.s.o.j.LocalContainerEntityManagerFactoryBean - Closing JPA EntityManagerFactory for persistence unit 'default'
2023-06-27 13:16:02,896 [SpringApplicationShutdownHook] INFO  com.zaxxer.hikari.HikariDataSource - sncf - Shutdown initiated...
2023-06-27 13:16:02,924 [SpringApplicationShutdownHook] INFO  com.zaxxer.hikari.HikariDataSource - sncf - Shutdown completed.
